# JRE version: Java(TM) SE Runtime Environment (8.0_144-b01) (build 1.8.0_144-b01)
# Java VM: Java HotSpot(TM) 64-Bit Server VM (25.144-b01 mixed mode windows-amd64 compressed oops)
Heap:
 PSYoungGen      total 177664K, used 145402K [0x000000076b980000, 0x0000000779300000, 0x00000007c0000000)
  eden space 163840K, 80% used [0x000000076b980000,0x0000000773a06148,0x0000000775980000)
  from space 13824K, 99% used [0x0000000776700000,0x00000007774788c8,0x0000000777480000)
  to   space 13824K, 0% used [0x0000000775980000,0x0000000775980000,0x0000000776700000)
 ParOldGen       total 99328K, used 20263K [0x00000006c2c00000, 0x00000006c8d00000, 0x000000076b980000)
  object space 99328K, 20% used [0x00000006c2c00000,0x00000006c3fc9e30,0x00000006c8d00000)
 Metaspace       used 48859K, capacity 49952K, committed 50176K, reserved 1093632K
  class space    used 6524K, capacity 6860K, committed 6912K, reserved 1048576K
GC Heap History (10 events):
Event: 5.754 GC heap before
{Heap before GC invocations=6 (full 1):
 PSYoungGen      total 111616K, used 111488K [0x000000076b980000, 0x0000000774980000, 0x00000007c0000000)
  eden space 104960K, 100% used [0x000000076b980000,0x0000000772000000,0x0000000772000000)
  from space 6656K, 98% used [0x0000000774300000,0x0000000774960340,0x0000000774980000)
  to   space 10752K, 0% used [0x0000000773480000,0x0000000773480000,0x0000000773f00000)
 ParOldGen       total 99328K, used 8205K [0x00000006c2c00000, 0x00000006c8d00000, 0x000000076b980000)
  object space 99328K, 8% used [0x00000006c2c00000,0x00000006c34035f8,0x00000006c8d00000)
 Metaspace       used 30534K, capacity 30962K, committed 31232K, reserved 1077248K
  class space    used 4100K, capacity 4269K, committed 4352K, reserved 1048576K
Event: 5.761 GC heap after
Heap after GC invocations=6 (full 1):
 PSYoungGen      total 136704K, used 8136K [0x000000076b980000, 0x0000000777480000, 0x00000007c0000000)
  eden space 125952K, 0% used [0x000000076b980000,0x000000076b980000,0x0000000773480000)
  from space 10752K, 75% used [0x0000000773480000,0x0000000773c721c0,0x0000000773f00000)
  to   space 13824K, 0% used [0x0000000776700000,0x0000000776700000,0x0000000777480000)
 ParOldGen       total 99328K, used 8213K [0x00000006c2c00000, 0x00000006c8d00000, 0x000000076b980000)
  object space 99328K, 8% used [0x00000006c2c00000,0x00000006c34055f8,0x00000006c8d00000)
 Metaspace       used 30534K, capacity 30962K, committed 31232K, reserved 1077248K
  class space    used 4100K, capacity 4269K, committed 4352K, reserved 1048576K
}
Event: 6.107 GC heap before
{Heap before GC invocations=7 (full 1):
 PSYoungGen      total 136704K, used 134088K [0x000000076b980000, 0x0000000777480000, 0x00000007c0000000)
  eden space 125952K, 100% used [0x000000076b980000,0x0000000773480000,0x0000000773480000)
  from space 10752K, 75% used [0x0000000773480000,0x0000000773c721c0,0x0000000773f00000)
  to   space 13824K, 0% used [0x0000000776700000,0x0000000776700000,0x0000000777480000)
 ParOldGen       total 99328K, used 8213K [0x00000006c2c00000, 0x00000006c8d00000, 0x000000076b980000)
  object space 99328K, 8% used [0x00000006c2c00000,0x00000006c34055f8,0x00000006c8d00000)
 Metaspace       used 30564K, capacity 31026K, committed 31488K, reserved 1077248K
  class space    used 4100K, capacity 4269K, committed 4352K, reserved 1048576K
Event: 6.111 GC heap after
Heap after GC invocations=7 (full 1):
 PSYoungGen      total 177664K, used 5912K [0x000000076b980000, 0x0000000779300000, 0x00000007c0000000)
  eden space 163840K, 0% used [0x000000076b980000,0x000000076b980000,0x0000000775980000)
  from space 13824K, 42% used [0x0000000776700000,0x0000000776cc60e0,0x0000000777480000)
  to   space 13824K, 0% used [0x0000000775980000,0x0000000775980000,0x0000000776700000)
 ParOldGen       total 99328K, used 8221K [0x00000006c2c00000, 0x00000006c8d00000, 0x000000076b980000)
  object space 99328K, 8% used [0x00000006c2c00000,0x00000006c34075f8,0x00000006c8d00000)
 Metaspace       used 30564K, capacity 31026K, committed 31488K, reserved 1077248K
  class space    used 4100K, capacity 4269K, committed 4352K, reserved 1048576K
}
Event: 7.351 GC heap before
{Heap before GC invocations=8 (full 1):
 PSYoungGen      total 177664K, used 125713K [0x000000076b980000, 0x0000000779300000, 0x00000007c0000000)
  eden space 163840K, 73% used [0x000000076b980000,0x0000000772e7e468,0x0000000775980000)
  from space 13824K, 42% used [0x0000000776700000,0x0000000776cc60e0,0x0000000777480000)
  to   space 13824K, 0% used [0x0000000775980000,0x0000000775980000,0x0000000776700000)
 ParOldGen       total 99328K, used 8221K [0x00000006c2c00000, 0x00000006c8d00000, 0x000000076b980000)
  object space 99328K, 8% used [0x00000006c2c00000,0x00000006c34075f8,0x00000006c8d00000)
 Metaspace       used 34555K, capacity 35130K, committed 35496K, reserved 1079296K
  class space    used 4648K, capacity 4854K, committed 4864K, reserved 1048576K
Event: 7.360 GC heap after
Heap after GC invocations=8 (full 1):
 PSYoungGen      total 177664K, used 9809K [0x000000076b980000, 0x0000000779300000, 0x00000007c0000000)
  eden space 163840K, 0% used [0x000000076b980000,0x000000076b980000,0x0000000775980000)
  from space 13824K, 70% used [0x0000000775980000,0x0000000776314630,0x0000000776700000)
  to   space 13824K, 0% used [0x0000000776700000,0x0000000776700000,0x0000000777480000)
 ParOldGen       total 99328K, used 8229K [0x00000006c2c00000, 0x00000006c8d00000, 0x000000076b980000)
  object space 99328K, 8% used [0x00000006c2c00000,0x00000006c34095f8,0x00000006c8d00000)
 Metaspace       used 34555K, capacity 35130K, committed 35496K, reserved 1079296K
  class space    used 4648K, capacity 4854K, committed 4864K, reserved 1048576K
}
Event: 7.360 GC heap before
{Heap before GC invocations=9 (full 2):
 PSYoungGen      total 177664K, used 9809K [0x000000076b980000, 0x0000000779300000, 0x00000007c0000000)
  eden space 163840K, 0% used [0x000000076b980000,0x000000076b980000,0x0000000775980000)
  from space 13824K, 70% used [0x0000000775980000,0x0000000776314630,0x0000000776700000)
  to   space 13824K, 0% used [0x0000000776700000,0x0000000776700000,0x0000000777480000)
 ParOldGen       total 99328K, used 8229K [0x00000006c2c00000, 0x00000006c8d00000, 0x000000076b980000)
  object space 99328K, 8% used [0x00000006c2c00000,0x00000006c34095f8,0x00000006c8d00000)
 Metaspace       used 34555K, capacity 35130K, committed 35496K, reserved 1079296K
  class space    used 4648K, capacity 4854K, committed 4864K, reserved 1048576K
Event: 7.425 GC heap after
Heap after GC invocations=9 (full 2):
 PSYoungGen      total 177664K, used 0K [0x000000076b980000, 0x0000000779300000, 0x00000007c0000000)
  eden space 163840K, 0% used [0x000000076b980000,0x000000076b980000,0x0000000775980000)
  from space 13824K, 0% used [0x0000000775980000,0x0000000775980000,0x0000000776700000)
  to   space 13824K, 0% used [0x0000000776700000,0x0000000776700000,0x0000000777480000)
 ParOldGen       total 99328K, used 17205K [0x00000006c2c00000, 0x00000006c8d00000, 0x000000076b980000)
  object space 99328K, 17% used [0x00000006c2c00000,0x00000006c3ccd4f0,0x00000006c8d00000)
 Metaspace       used 34462K, capacity 34988K, committed 35496K, reserved 1079296K
  class space    used 4622K, capacity 4808K, committed 4864K, reserved 1048576K
}
Event: 9.387 GC heap before
{Heap before GC invocations=10 (full 2):
 PSYoungGen      total 177664K, used 163840K [0x000000076b980000, 0x0000000779300000, 0x00000007c0000000)
  eden space 163840K, 100% used [0x000000076b980000,0x0000000775980000,0x0000000775980000)
  from space 13824K, 0% used [0x0000000775980000,0x0000000775980000,0x0000000776700000)
  to   space 13824K, 0% used [0x0000000776700000,0x0000000776700000,0x0000000777480000)
 ParOldGen       total 99328K, used 17205K [0x00000006c2c00000, 0x00000006c8d00000, 0x000000076b980000)
  object space 99328K, 17% used [0x00000006c2c00000,0x00000006c3ccd4f0,0x00000006c8d00000)
 Metaspace       used 45117K, capacity 45926K, committed 46336K, reserved 1089536K
  class space    used 6029K, capacity 6315K, committed 6400K, reserved 1048576K
Event: 9.399 GC heap after
Heap after GC invocations=10 (full 2):
 PSYoungGen      total 177664K, used 13794K [0x000000076b980000, 0x0000000779300000, 0x00000007c0000000)
  eden space 163840K, 0% used [0x000000076b980000,0x000000076b980000,0x0000000775980000)
  from space 13824K, 99% used [0x0000000776700000,0x00000007774788c8,0x0000000777480000)
  to   space 13824K, 0% used [0x0000000775980000,0x0000000775980000,0x0000000776700000)
 ParOldGen       total 99328K, used 20263K [0x00000006c2c00000, 0x00000006c8d00000, 0x000000076b980000)
  object space 99328K, 20% used [0x00000006c2c00000,0x00000006c3fc9e30,0x00000006c8d00000)
 Metaspace       used 45117K, capacity 45926K, committed 46336K, reserved 1089536K
  class space    used 6029K, capacity 6315K, committed 6400K, reserved 1048576K
}

