# JRE version: Java(TM) SE Runtime Environment (8.0_144-b01) (build 1.8.0_144-b01)
# Java VM: Java HotSpot(TM) 64-Bit Server VM (25.144-b01 mixed mode windows-amd64 compressed oops)
Heap:
 PSYoungGen      total 112128K, used 42628K [0x000000076b980000, 0x0000000774980000, 0x00000007c0000000)
  eden space 105472K, 34% used [0x000000076b980000,0x000000076dce7078,0x0000000772080000)
  from space 6656K, 95% used [0x0000000774300000,0x000000077493a358,0x0000000774980000)
  to   space 10752K, 0% used [0x0000000773480000,0x0000000773480000,0x0000000773f00000)
 ParOldGen       total 98816K, used 8779K [0x00000006c2c00000, 0x00000006c8c80000, 0x000000076b980000)
  object space 98816K, 8% used [0x00000006c2c00000,0x00000006c3492f30,0x00000006c8c80000)
 Metaspace       used 27364K, capacity 27872K, committed 28288K, reserved 1075200K
  class space    used 3775K, capacity 3929K, committed 3968K, reserved 1048576K
GC Heap History (10 events):
Event: 1.471 GC heap before
{Heap before GC invocations=1 (full 0):
 PSYoungGen      total 75776K, used 65024K [0x000000076b980000, 0x0000000770e00000, 0x00000007c0000000)
  eden space 65024K, 100% used [0x000000076b980000,0x000000076f900000,0x000000076f900000)
  from space 10752K, 0% used [0x0000000770380000,0x0000000770380000,0x0000000770e00000)
  to   space 10752K, 0% used [0x000000076f900000,0x000000076f900000,0x0000000770380000)
 ParOldGen       total 173568K, used 0K [0x00000006c2c00000, 0x00000006cd580000, 0x000000076b980000)
  object space 173568K, 0% used [0x00000006c2c00000,0x00000006c2c00000,0x00000006cd580000)
 Metaspace       used 11108K, capacity 11344K, committed 11648K, reserved 1058816K
  class space    used 1529K, capacity 1608K, committed 1664K, reserved 1048576K
Event: 1.479 GC heap after
Heap after GC invocations=1 (full 0):
 PSYoungGen      total 75776K, used 8428K [0x000000076b980000, 0x0000000770e00000, 0x00000007c0000000)
  eden space 65024K, 0% used [0x000000076b980000,0x000000076b980000,0x000000076f900000)
  from space 10752K, 78% used [0x000000076f900000,0x000000077013b0c0,0x0000000770380000)
  to   space 10752K, 0% used [0x0000000770380000,0x0000000770380000,0x0000000770e00000)
 ParOldGen       total 173568K, used 16K [0x00000006c2c00000, 0x00000006cd580000, 0x000000076b980000)
  object space 173568K, 0% used [0x00000006c2c00000,0x00000006c2c04000,0x00000006cd580000)
 Metaspace       used 11108K, capacity 11344K, committed 11648K, reserved 1058816K
  class space    used 1529K, capacity 1608K, committed 1664K, reserved 1048576K
}
Event: 3.109 GC heap before
{Heap before GC invocations=2 (full 0):
 PSYoungGen      total 75776K, used 73452K [0x000000076b980000, 0x0000000770e00000, 0x00000007c0000000)
  eden space 65024K, 100% used [0x000000076b980000,0x000000076f900000,0x000000076f900000)
  from space 10752K, 78% used [0x000000076f900000,0x000000077013b0c0,0x0000000770380000)
  to   space 10752K, 0% used [0x0000000770380000,0x0000000770380000,0x0000000770e00000)
 ParOldGen       total 173568K, used 16K [0x00000006c2c00000, 0x00000006cd580000, 0x000000076b980000)
  object space 173568K, 0% used [0x00000006c2c00000,0x00000006c2c04000,0x00000006cd580000)
 Metaspace       used 20314K, capacity 20536K, committed 20864K, reserved 1067008K
  class space    used 2760K, capacity 2831K, committed 2944K, reserved 1048576K
Event: 3.123 GC heap after
Heap after GC invocations=2 (full 0):
 PSYoungGen      total 75776K, used 10732K [0x000000076b980000, 0x0000000770e00000, 0x00000007c0000000)
  eden space 65024K, 0% used [0x000000076b980000,0x000000076b980000,0x000000076f900000)
  from space 10752K, 99% used [0x0000000770380000,0x0000000770dfb198,0x0000000770e00000)
  to   space 10752K, 0% used [0x000000076f900000,0x000000076f900000,0x0000000770380000)
 ParOldGen       total 173568K, used 2606K [0x00000006c2c00000, 0x00000006cd580000, 0x000000076b980000)
  object space 173568K, 1% used [0x00000006c2c00000,0x00000006c2e8ba70,0x00000006cd580000)
 Metaspace       used 20314K, capacity 20536K, committed 20864K, reserved 1067008K
  class space    used 2760K, capacity 2831K, committed 2944K, reserved 1048576K
}
Event: 3.254 GC heap before
{Heap before GC invocations=3 (full 0):
 PSYoungGen      total 75776K, used 20450K [0x000000076b980000, 0x0000000770e00000, 0x00000007c0000000)
  eden space 65024K, 14% used [0x000000076b980000,0x000000076c2fd6a8,0x000000076f900000)
  from space 10752K, 99% used [0x0000000770380000,0x0000000770dfb198,0x0000000770e00000)
  to   space 10752K, 0% used [0x000000076f900000,0x000000076f900000,0x0000000770380000)
 ParOldGen       total 173568K, used 2606K [0x00000006c2c00000, 0x00000006cd580000, 0x000000076b980000)
  object space 173568K, 1% used [0x00000006c2c00000,0x00000006c2e8ba70,0x00000006cd580000)
 Metaspace       used 20946K, capacity 21156K, committed 21296K, reserved 1067008K
  class space    used 2865K, capacity 2931K, committed 2944K, reserved 1048576K
Event: 3.263 GC heap after
Heap after GC invocations=3 (full 0):
 PSYoungGen      total 75776K, used 8365K [0x000000076b980000, 0x0000000774d80000, 0x00000007c0000000)
  eden space 65024K, 0% used [0x000000076b980000,0x000000076b980000,0x000000076f900000)
  from space 10752K, 77% used [0x000000076f900000,0x000000077012b7e0,0x0000000770380000)
  to   space 10752K, 0% used [0x0000000774300000,0x0000000774300000,0x0000000774d80000)
 ParOldGen       total 173568K, used 2614K [0x00000006c2c00000, 0x00000006cd580000, 0x000000076b980000)
  object space 173568K, 1% used [0x00000006c2c00000,0x00000006c2e8da70,0x00000006cd580000)
 Metaspace       used 20946K, capacity 21156K, committed 21296K, reserved 1067008K
  class space    used 2865K, capacity 2931K, committed 2944K, reserved 1048576K
}
Event: 3.263 GC heap before
{Heap before GC invocations=4 (full 1):
 PSYoungGen      total 75776K, used 8365K [0x000000076b980000, 0x0000000774d80000, 0x00000007c0000000)
  eden space 65024K, 0% used [0x000000076b980000,0x000000076b980000,0x000000076f900000)
  from space 10752K, 77% used [0x000000076f900000,0x000000077012b7e0,0x0000000770380000)
  to   space 10752K, 0% used [0x0000000774300000,0x0000000774300000,0x0000000774d80000)
 ParOldGen       total 173568K, used 2614K [0x00000006c2c00000, 0x00000006cd580000, 0x000000076b980000)
  object space 173568K, 1% used [0x00000006c2c00000,0x00000006c2e8da70,0x00000006cd580000)
 Metaspace       used 20946K, capacity 21156K, committed 21296K, reserved 1067008K
  class space    used 2865K, capacity 2931K, committed 2944K, reserved 1048576K
Event: 3.303 GC heap after
Heap after GC invocations=4 (full 1):
 PSYoungGen      total 75776K, used 0K [0x000000076b980000, 0x0000000774d80000, 0x00000007c0000000)
  eden space 65024K, 0% used [0x000000076b980000,0x000000076b980000,0x000000076f900000)
  from space 10752K, 0% used [0x000000076f900000,0x000000076f900000,0x0000000770380000)
  to   space 10752K, 0% used [0x0000000774300000,0x0000000774300000,0x0000000774d80000)
 ParOldGen       total 98816K, used 8707K [0x00000006c2c00000, 0x00000006c8c80000, 0x000000076b980000)
  object space 98816K, 8% used [0x00000006c2c00000,0x00000006c3480f20,0x00000006c8c80000)
 Metaspace       used 20946K, capacity 21156K, committed 21296K, reserved 1067008K
  class space    used 2865K, capacity 2931K, committed 2944K, reserved 1048576K
}
Event: 5.112 GC heap before
{Heap before GC invocations=5 (full 1):
 PSYoungGen      total 75776K, used 65024K [0x000000076b980000, 0x0000000774d80000, 0x00000007c0000000)
  eden space 65024K, 100% used [0x000000076b980000,0x000000076f900000,0x000000076f900000)
  from space 10752K, 0% used [0x000000076f900000,0x000000076f900000,0x0000000770380000)
  to   space 10752K, 0% used [0x0000000774300000,0x0000000774300000,0x0000000774d80000)
 ParOldGen       total 98816K, used 8707K [0x00000006c2c00000, 0x00000006c8c80000, 0x000000076b980000)
  object space 98816K, 8% used [0x00000006c2c00000,0x00000006c3480f20,0x00000006c8c80000)
 Metaspace       used 26677K, capacity 27058K, committed 27520K, reserved 1073152K
  class space    used 3722K, capacity 3855K, committed 3968K, reserved 1048576K
Event: 5.124 GC heap after
Heap after GC invocations=5 (full 1):
 PSYoungGen      total 112128K, used 6376K [0x000000076b980000, 0x0000000774980000, 0x00000007c0000000)
  eden space 105472K, 0% used [0x000000076b980000,0x000000076b980000,0x0000000772080000)
  from space 6656K, 95% used [0x0000000774300000,0x000000077493a358,0x0000000774980000)
  to   space 10752K, 0% used [0x0000000773480000,0x0000000773480000,0x0000000773f00000)
 ParOldGen       total 98816K, used 8779K [0x00000006c2c00000, 0x00000006c8c80000, 0x000000076b980000)
  object space 98816K, 8% used [0x00000006c2c00000,0x00000006c3492f30,0x00000006c8c80000)
 Metaspace       used 26677K, capacity 27058K, committed 27520K, reserved 1073152K
  class space    used 3722K, capacity 3855K, committed 3968K, reserved 1048576K
}

